{"C:\\Users\\matheus.cruz\\Documents\\WorkSpace\\Sistema Integrado de Ponto\\backend\\src\\config\\AppLogger.ts": {"path":"C:\\Users\\matheus.cruz\\Documents\\WorkSpace\\Sistema Integrado de Ponto\\backend\\src\\config\\AppLogger.ts","statementMap":{"0":{"start":{"line":1,"column":0},"end":{"line":1,"column":35}},"1":{"start":{"line":2,"column":0},"end":{"line":2,"column":33}},"2":{"start":{"line":7,"column":18},"end":{"line":22,"column":null}},"3":{"start":{"line":8,"column":30},"end":{"line":8,"column":35}},"4":{"start":{"line":8,"column":39},"end":{"line":8,"column":43}},"5":{"start":{"line":9,"column":20},"end":{"line":20,"column":6}},"6":{"start":{"line":21,"column":4},"end":{"line":21,"column":35}},"7":{"start":{"line":49,"column":4},"end":{"line":49,"column":30}},"8":{"start":{"line":60,"column":25},"end":{"line":64,"column":6}},"9":{"start":{"line":65,"column":4},"end":{"line":69,"column":5}},"10":{"start":{"line":66,"column":6},"end":{"line":66,"column":34}},"11":{"start":{"line":67,"column":6},"end":{"line":67,"column":36}},"12":{"start":{"line":68,"column":6},"end":{"line":68,"column":30}},"13":{"start":{"line":70,"column":4},"end":{"line":70,"column":52}},"14":{"start":{"line":29,"column":0},"end":{"line":29,"column":13}},"15":{"start":{"line":30,"column":17},"end":{"line":40,"column":5}}},"fnMap":{"0":{"name":"(anonymous_7)","decl":{"start":{"line":8,"column":2},"end":{"line":8,"column":3}},"loc":{"start":{"line":8,"column":45},"end":{"line":22,"column":3}}},"1":{"name":"(anonymous_8)","decl":{"start":{"line":42,"column":2},"end":{"line":42,"column":25}},"loc":{"start":{"line":42,"column":2},"end":{"line":42,"column":26}}},"2":{"name":"(anonymous_9)","decl":{"start":{"line":48,"column":9},"end":{"line":48,"column":15}},"loc":{"start":{"line":48,"column":27},"end":{"line":50,"column":3}}},"3":{"name":"(anonymous_10)","decl":{"start":{"line":59,"column":10},"end":{"line":59,"column":13}},"loc":{"start":{"line":59,"column":71},"end":{"line":71,"column":3}}}},"branchMap":{"0":{"loc":{"start":{"line":59,"column":46},"end":{"line":59,"column":60}},"type":"default-arg","locations":[{"start":{"line":59,"column":58},"end":{"line":59,"column":60}}]},"1":{"loc":{"start":{"line":65,"column":4},"end":{"line":69,"column":5}},"type":"if","locations":[{"start":{"line":65,"column":4},"end":{"line":69,"column":5}}]}},"s":{"0":1,"1":1,"2":1,"3":1,"4":1,"5":1,"6":1,"7":1,"8":0,"9":0,"10":0,"11":0,"12":0,"13":0,"14":1,"15":1},"f":{"0":1,"1":0,"2":1,"3":0},"b":{"0":[0],"1":[0]}}
,"C:\\Users\\matheus.cruz\\Documents\\WorkSpace\\Sistema Integrado de Ponto\\backend\\src\\config\\Database.ts": {"path":"C:\\Users\\matheus.cruz\\Documents\\WorkSpace\\Sistema Integrado de Ponto\\backend\\src\\config\\Database.ts","statementMap":{"0":{"start":{"line":1,"column":0},"end":{"line":1,"column":66}},"1":{"start":{"line":2,"column":0},"end":{"line":2,"column":28}},"2":{"start":{"line":3,"column":0},"end":{"line":3,"column":40}},"3":{"start":{"line":4,"column":0},"end":{"line":4,"column":46}},"4":{"start":{"line":6,"column":0},"end":{"line":6,"column":16}},"5":{"start":{"line":26,"column":4},"end":{"line":39,"column":5}},"6":{"start":{"line":27,"column":6},"end":{"line":33,"column":9}},"7":{"start":{"line":34,"column":6},"end":{"line":34,"column":80}},"8":{"start":{"line":35,"column":6},"end":{"line":35,"column":32}},"9":{"start":{"line":37,"column":6},"end":{"line":37,"column":53}},"10":{"start":{"line":38,"column":6},"end":{"line":38,"column":18}},"11":{"start":{"line":49,"column":36},"end":{"line":49,"column":40}},"12":{"start":{"line":50,"column":4},"end":{"line":72,"column":5}},"13":{"start":{"line":51,"column":6},"end":{"line":51,"column":45}},"14":{"start":{"line":52,"column":6},"end":{"line":54,"column":8}},"15":{"start":{"line":56,"column":24},"end":{"line":56,"column":71}},"16":{"start":{"line":57,"column":6},"end":{"line":60,"column":8}},"17":{"start":{"line":61,"column":6},"end":{"line":61,"column":24}},"18":{"start":{"line":63,"column":6},"end":{"line":71,"column":7}},"19":{"start":{"line":64,"column":8},"end":{"line":67,"column":9}},"20":{"start":{"line":65,"column":10},"end":{"line":65,"column":33}},"21":{"start":{"line":66,"column":10},"end":{"line":66,"column":72}},"22":{"start":{"line":69,"column":8},"end":{"line":69,"column":62}},"23":{"start":{"line":70,"column":8},"end":{"line":70,"column":27}},"24":{"start":{"line":81,"column":21},"end":{"line":103,"column":null}},"25":{"start":{"line":82,"column":36},"end":{"line":82,"column":40}},"26":{"start":{"line":83,"column":4},"end":{"line":102,"column":5}},"27":{"start":{"line":84,"column":6},"end":{"line":84,"column":45}},"28":{"start":{"line":85,"column":6},"end":{"line":88,"column":8}},"29":{"start":{"line":89,"column":6},"end":{"line":89,"column":47}},"30":{"start":{"line":91,"column":6},"end":{"line":101,"column":7}},"31":{"start":{"line":92,"column":8},"end":{"line":92,"column":61}},"32":{"start":{"line":93,"column":13},"end":{"line":101,"column":7}},"33":{"start":{"line":94,"column":8},"end":{"line":94,"column":62}},"34":{"start":{"line":95,"column":13},"end":{"line":101,"column":7}},"35":{"start":{"line":96,"column":8},"end":{"line":96,"column":55}},"36":{"start":{"line":97,"column":13},"end":{"line":101,"column":7}},"37":{"start":{"line":98,"column":8},"end":{"line":98,"column":61}},"38":{"start":{"line":100,"column":8},"end":{"line":100,"column":51}},"39":{"start":{"line":12,"column":0},"end":{"line":12,"column":13}},"40":{"start":{"line":14,"column":26},"end":{"line":14,"column":53}},"41":{"start":{"line":15,"column":26},"end":{"line":15,"column":53}},"42":{"start":{"line":16,"column":26},"end":{"line":16,"column":61}},"43":{"start":{"line":17,"column":26},"end":{"line":17,"column":61}},"44":{"start":{"line":18,"column":26},"end":{"line":18,"column":63}},"45":{"start":{"line":107,"column":0},"end":{"line":107,"column":22}}},"fnMap":{"0":{"name":"(anonymous_8)","decl":{"start":{"line":25,"column":2},"end":{"line":25,"column":8}},"loc":{"start":{"line":25,"column":19},"end":{"line":40,"column":3}}},"1":{"name":"(anonymous_9)","decl":{"start":{"line":48,"column":10},"end":{"line":48,"column":16}},"loc":{"start":{"line":48,"column":37},"end":{"line":73,"column":null}}},"2":{"name":"(anonymous_11)","decl":{"start":{"line":81,"column":2},"end":{"line":81,"column":8}},"loc":{"start":{"line":81,"column":20},"end":{"line":103,"column":null}}},"3":{"name":"(anonymous_12)","decl":{"start":{"line":81,"column":21},"end":{"line":81,"column":34}},"loc":{"start":{"line":81,"column":54},"end":{"line":103,"column":3}}}},"branchMap":{"0":{"loc":{"start":{"line":64,"column":8},"end":{"line":67,"column":9}},"type":"if","locations":[{"start":{"line":64,"column":8},"end":{"line":67,"column":9}}]},"1":{"loc":{"start":{"line":81,"column":36},"end":{"line":81,"column":54}},"type":"default-arg","locations":[{"start":{"line":81,"column":52},"end":{"line":81,"column":54}}]},"2":{"loc":{"start":{"line":91,"column":6},"end":{"line":101,"column":7}},"type":"if","locations":[{"start":{"line":91,"column":6},"end":{"line":101,"column":7}},{"start":{"line":93,"column":13},"end":{"line":101,"column":7}}]},"3":{"loc":{"start":{"line":91,"column":10},"end":{"line":91,"column":66}},"type":"binary-expr","locations":[{"start":{"line":91,"column":10},"end":{"line":91,"column":40}},{"start":{"line":91,"column":44},"end":{"line":91,"column":66}}]},"4":{"loc":{"start":{"line":93,"column":13},"end":{"line":101,"column":7}},"type":"if","locations":[{"start":{"line":93,"column":13},"end":{"line":101,"column":7}},{"start":{"line":95,"column":13},"end":{"line":101,"column":7}}]},"5":{"loc":{"start":{"line":93,"column":17},"end":{"line":93,"column":73}},"type":"binary-expr","locations":[{"start":{"line":93,"column":17},"end":{"line":93,"column":47}},{"start":{"line":93,"column":51},"end":{"line":93,"column":73}}]},"6":{"loc":{"start":{"line":95,"column":13},"end":{"line":101,"column":7}},"type":"if","locations":[{"start":{"line":95,"column":13},"end":{"line":101,"column":7}},{"start":{"line":97,"column":13},"end":{"line":101,"column":7}}]},"7":{"loc":{"start":{"line":95,"column":17},"end":{"line":95,"column":73}},"type":"binary-expr","locations":[{"start":{"line":95,"column":17},"end":{"line":95,"column":47}},{"start":{"line":95,"column":51},"end":{"line":95,"column":73}}]},"8":{"loc":{"start":{"line":97,"column":13},"end":{"line":101,"column":7}},"type":"if","locations":[{"start":{"line":97,"column":13},"end":{"line":101,"column":7}},{"start":{"line":99,"column":13},"end":{"line":101,"column":7}}]},"9":{"loc":{"start":{"line":97,"column":17},"end":{"line":97,"column":73}},"type":"binary-expr","locations":[{"start":{"line":97,"column":17},"end":{"line":97,"column":47}},{"start":{"line":97,"column":51},"end":{"line":97,"column":73}}]},"10":{"loc":{"start":{"line":18,"column":33},"end":{"line":18,"column":62}},"type":"binary-expr","locations":[{"start":{"line":18,"column":33},"end":{"line":18,"column":52}},{"start":{"line":18,"column":56},"end":{"line":18,"column":62}}]}},"s":{"0":1,"1":1,"2":1,"3":1,"4":1,"5":1,"6":1,"7":1,"8":1,"9":0,"10":0,"11":1,"12":1,"13":1,"14":0,"15":0,"16":0,"17":0,"18":0,"19":0,"20":0,"21":0,"22":0,"23":0,"24":0,"25":0,"26":0,"27":0,"28":0,"29":0,"30":0,"31":0,"32":0,"33":0,"34":0,"35":0,"36":0,"37":0,"38":0,"39":1,"40":1,"41":1,"42":1,"43":1,"44":1,"45":1},"f":{"0":1,"1":1,"2":0,"3":0},"b":{"0":[0],"1":[0],"2":[0,0],"3":[0,0],"4":[0,0],"5":[0,0],"6":[0,0],"7":[0,0],"8":[0,0],"9":[0,0],"10":[1,0]}}
,"C:\\Users\\matheus.cruz\\Documents\\WorkSpace\\Sistema Integrado de Ponto\\backend\\src\\config\\ErrorHandler.ts": {"path":"C:\\Users\\matheus.cruz\\Documents\\WorkSpace\\Sistema Integrado de Ponto\\backend\\src\\config\\ErrorHandler.ts","statementMap":{"0":{"start":{"line":5,"column":4},"end":{"line":5,"column":19}},"1":{"start":{"line":6,"column":4},"end":{"line":6,"column":21}},"2":{"start":{"line":1,"column":0},"end":{"line":1,"column":13}}},"fnMap":{"0":{"name":"(anonymous_0)","decl":{"start":{"line":4,"column":2},"end":{"line":4,"column":14}},"loc":{"start":{"line":4,"column":43},"end":{"line":7,"column":3}}}},"branchMap":{},"s":{"0":0,"1":0,"2":1},"f":{"0":0},"b":{}}
,"C:\\Users\\matheus.cruz\\Documents\\WorkSpace\\Sistema Integrado de Ponto\\backend\\src\\middlewares\\tokenMiddleware.ts": {"path":"C:\\Users\\matheus.cruz\\Documents\\WorkSpace\\Sistema Integrado de Ponto\\backend\\src\\middlewares\\tokenMiddleware.ts","statementMap":{"0":{"start":{"line":2,"column":0},"end":{"line":2,"column":48}},"1":{"start":{"line":3,"column":0},"end":{"line":3,"column":52}},"2":{"start":{"line":11,"column":43},"end":{"line":52,"column":2}},"3":{"start":{"line":15,"column":4},"end":{"line":52,"column":2}},"4":{"start":{"line":16,"column":2},"end":{"line":51,"column":3}},"5":{"start":{"line":17,"column":24},"end":{"line":17,"column":63}},"6":{"start":{"line":18,"column":25},"end":{"line":18,"column":65}},"7":{"start":{"line":20,"column":4},"end":{"line":22,"column":5}},"8":{"start":{"line":21,"column":6},"end":{"line":21,"column":59}},"9":{"start":{"line":24,"column":25},"end":{"line":26,"column":null}},"10":{"start":{"line":29,"column":4},"end":{"line":45,"column":5}},"11":{"start":{"line":30,"column":6},"end":{"line":30,"column":13}},"12":{"start":{"line":32,"column":34},"end":{"line":33,"column":null}},"13":{"start":{"line":36,"column":6},"end":{"line":44,"column":7}},"14":{"start":{"line":37,"column":31},"end":{"line":38,"column":null}},"15":{"start":{"line":40,"column":8},"end":{"line":40,"column":55}},"16":{"start":{"line":41,"column":8},"end":{"line":41,"column":15}},"17":{"start":{"line":43,"column":8},"end":{"line":43,"column":36}},"18":{"start":{"line":47,"column":4},"end":{"line":49,"column":6}},"19":{"start":{"line":50,"column":4},"end":{"line":50,"column":53}},"20":{"start":{"line":11,"column":13},"end":{"line":11,"column":43}}},"fnMap":{"0":{"name":"(anonymous_7)","decl":{"start":{"line":11,"column":43},"end":{"line":11,"column":null}},"loc":{"start":{"line":15,"column":4},"end":{"line":52,"column":2}}},"1":{"name":"(anonymous_8)","decl":{"start":{"line":15,"column":4},"end":{"line":15,"column":null}},"loc":{"start":{"line":15,"column":4},"end":{"line":52,"column":1}}}},"branchMap":{"0":{"loc":{"start":{"line":20,"column":4},"end":{"line":22,"column":5}},"type":"if","locations":[{"start":{"line":20,"column":4},"end":{"line":22,"column":5}}]},"1":{"loc":{"start":{"line":20,"column":8},"end":{"line":20,"column":37}},"type":"binary-expr","locations":[{"start":{"line":20,"column":8},"end":{"line":20,"column":20}},{"start":{"line":20,"column":24},"end":{"line":20,"column":37}}]},"2":{"loc":{"start":{"line":29,"column":4},"end":{"line":45,"column":5}},"type":"if","locations":[{"start":{"line":29,"column":4},"end":{"line":45,"column":5}},{"start":{"line":31,"column":11},"end":{"line":45,"column":5}}]},"3":{"loc":{"start":{"line":36,"column":6},"end":{"line":44,"column":7}},"type":"if","locations":[{"start":{"line":36,"column":6},"end":{"line":44,"column":7}},{"start":{"line":42,"column":13},"end":{"line":44,"column":7}}]}},"s":{"0":1,"1":1,"2":1,"3":0,"4":0,"5":0,"6":0,"7":0,"8":0,"9":0,"10":0,"11":0,"12":0,"13":0,"14":0,"15":0,"16":0,"17":0,"18":0,"19":0,"20":1},"f":{"0":0,"1":0},"b":{"0":[0],"1":[0,0],"2":[0,0],"3":[0,0]}}
,"C:\\Users\\matheus.cruz\\Documents\\WorkSpace\\Sistema Integrado de Ponto\\backend\\src\\models\\TokenModel.ts": {"path":"C:\\Users\\matheus.cruz\\Documents\\WorkSpace\\Sistema Integrado de Ponto\\backend\\src\\models\\TokenModel.ts","statementMap":{"0":{"start":{"line":1,"column":0},"end":{"line":1,"column":48}},"1":{"start":{"line":2,"column":0},"end":{"line":2,"column":46}},"2":{"start":{"line":21,"column":18},"end":{"line":21,"column":95}},"3":{"start":{"line":22,"column":19},"end":{"line":22,"column":41}},"4":{"start":{"line":23,"column":4},"end":{"line":35,"column":5}},"5":{"start":{"line":24,"column":6},"end":{"line":24,"column":42}},"6":{"start":{"line":25,"column":6},"end":{"line":27,"column":8}},"7":{"start":{"line":29,"column":24},"end":{"line":29,"column":59}},"8":{"start":{"line":30,"column":6},"end":{"line":33,"column":8}},"9":{"start":{"line":34,"column":6},"end":{"line":34,"column":24}},"10":{"start":{"line":44,"column":24},"end":{"line":44,"column":74}},"11":{"start":{"line":45,"column":25},"end":{"line":45,"column":32}},"12":{"start":{"line":46,"column":4},"end":{"line":59,"column":5}},"13":{"start":{"line":47,"column":6},"end":{"line":47,"column":54}},"14":{"start":{"line":48,"column":6},"end":{"line":50,"column":8}},"15":{"start":{"line":51,"column":6},"end":{"line":51,"column":18}},"16":{"start":{"line":53,"column":25},"end":{"line":53,"column":58}},"17":{"start":{"line":54,"column":6},"end":{"line":57,"column":8}},"18":{"start":{"line":58,"column":6},"end":{"line":58,"column":25}},"19":{"start":{"line":7,"column":0},"end":{"line":7,"column":13}},"20":{"start":{"line":8,"column":26},"end":{"line":8,"column":61}}},"fnMap":{"0":{"name":"(anonymous_7)","decl":{"start":{"line":16,"column":2},"end":{"line":16,"column":8}},"loc":{"start":{"line":19,"column":19},"end":{"line":36,"column":null}}},"1":{"name":"(anonymous_9)","decl":{"start":{"line":43,"column":2},"end":{"line":43,"column":8}},"loc":{"start":{"line":43,"column":40},"end":{"line":60,"column":null}}}},"branchMap":{},"s":{"0":1,"1":1,"2":0,"3":0,"4":0,"5":0,"6":0,"7":0,"8":0,"9":0,"10":0,"11":0,"12":0,"13":0,"14":0,"15":0,"16":0,"17":0,"18":0,"19":1,"20":1},"f":{"0":0,"1":0},"b":{}}
,"C:\\Users\\matheus.cruz\\Documents\\WorkSpace\\Sistema Integrado de Ponto\\backend\\src\\models\\UserModel.ts": {"path":"C:\\Users\\matheus.cruz\\Documents\\WorkSpace\\Sistema Integrado de Ponto\\backend\\src\\models\\UserModel.ts","statementMap":{"0":{"start":{"line":1,"column":0},"end":{"line":1,"column":48}},"1":{"start":{"line":2,"column":0},"end":{"line":2,"column":46}},"2":{"start":{"line":19,"column":18},"end":{"line":19,"column":67}},"3":{"start":{"line":20,"column":19},"end":{"line":20,"column":24}},"4":{"start":{"line":21,"column":4},"end":{"line":35,"column":5}},"5":{"start":{"line":22,"column":39},"end":{"line":22,"column":74}},"6":{"start":{"line":23,"column":19},"end":{"line":23,"column":61}},"7":{"start":{"line":24,"column":6},"end":{"line":26,"column":8}},"8":{"start":{"line":27,"column":6},"end":{"line":27,"column":18}},"9":{"start":{"line":29,"column":25},"end":{"line":29,"column":59}},"10":{"start":{"line":30,"column":6},"end":{"line":33,"column":8}},"11":{"start":{"line":34,"column":6},"end":{"line":34,"column":25}},"12":{"start":{"line":44,"column":18},"end":{"line":44,"column":66}},"13":{"start":{"line":45,"column":19},"end":{"line":45,"column":23}},"14":{"start":{"line":46,"column":4},"end":{"line":76,"column":5}},"15":{"start":{"line":47,"column":39},"end":{"line":47,"column":74}},"16":{"start":{"line":48,"column":25},"end":{"line":48,"column":67}},"17":{"start":{"line":49,"column":29},"end":{"line":64,"column":8}},"18":{"start":{"line":65,"column":6},"end":{"line":67,"column":8}},"19":{"start":{"line":68,"column":6},"end":{"line":68,"column":18}},"20":{"start":{"line":70,"column":25},"end":{"line":70,"column":59}},"21":{"start":{"line":71,"column":6},"end":{"line":74,"column":8}},"22":{"start":{"line":75,"column":6},"end":{"line":75,"column":25}},"23":{"start":{"line":85,"column":16},"end":{"line":85,"column":136}},"24":{"start":{"line":86,"column":17},"end":{"line":97,"column":6}},"25":{"start":{"line":98,"column":4},"end":{"line":101,"column":5}},"26":{"start":{"line":99,"column":6},"end":{"line":99,"column":30}},"27":{"start":{"line":100,"column":6},"end":{"line":100,"column":35}},"28":{"start":{"line":103,"column":4},"end":{"line":103,"column":26}},"29":{"start":{"line":104,"column":4},"end":{"line":109,"column":5}},"30":{"start":{"line":104,"column":17},"end":{"line":104,"column":18}},"31":{"start":{"line":105,"column":6},"end":{"line":105,"column":23}},"32":{"start":{"line":106,"column":6},"end":{"line":108,"column":7}},"33":{"start":{"line":107,"column":8},"end":{"line":107,"column":21}},"34":{"start":{"line":110,"column":4},"end":{"line":110,"column":29}},"35":{"start":{"line":111,"column":4},"end":{"line":140,"column":5}},"36":{"start":{"line":112,"column":21},"end":{"line":112,"column":56}},"37":{"start":{"line":113,"column":29},"end":{"line":128,"column":8}},"38":{"start":{"line":129,"column":6},"end":{"line":131,"column":8}},"39":{"start":{"line":132,"column":6},"end":{"line":132,"column":18}},"40":{"start":{"line":134,"column":25},"end":{"line":134,"column":62}},"41":{"start":{"line":135,"column":6},"end":{"line":138,"column":8}},"42":{"start":{"line":139,"column":6},"end":{"line":139,"column":25}},"43":{"start":{"line":149,"column":18},"end":{"line":149,"column":251}},"44":{"start":{"line":150,"column":19},"end":{"line":158,"column":6}},"45":{"start":{"line":159,"column":4},"end":{"line":172,"column":5}},"46":{"start":{"line":160,"column":39},"end":{"line":160,"column":74}},"47":{"start":{"line":161,"column":6},"end":{"line":163,"column":8}},"48":{"start":{"line":164,"column":6},"end":{"line":164,"column":28}},"49":{"start":{"line":166,"column":25},"end":{"line":166,"column":62}},"50":{"start":{"line":167,"column":6},"end":{"line":170,"column":8}},"51":{"start":{"line":171,"column":6},"end":{"line":171,"column":25}},"52":{"start":{"line":181,"column":18},"end":{"line":181,"column":64}},"53":{"start":{"line":182,"column":19},"end":{"line":182,"column":23}},"54":{"start":{"line":183,"column":4},"end":{"line":193,"column":5}},"55":{"start":{"line":184,"column":6},"end":{"line":184,"column":42}},"56":{"start":{"line":185,"column":6},"end":{"line":185,"column":78}},"57":{"start":{"line":187,"column":25},"end":{"line":187,"column":60}},"58":{"start":{"line":188,"column":6},"end":{"line":191,"column":8}},"59":{"start":{"line":192,"column":6},"end":{"line":192,"column":25}},"60":{"start":{"line":10,"column":0},"end":{"line":10,"column":13}},"61":{"start":{"line":11,"column":26},"end":{"line":11,"column":57}}},"fnMap":{"0":{"name":"(anonymous_7)","decl":{"start":{"line":18,"column":2},"end":{"line":18,"column":8}},"loc":{"start":{"line":18,"column":35},"end":{"line":36,"column":null}}},"1":{"name":"(anonymous_9)","decl":{"start":{"line":43,"column":2},"end":{"line":43,"column":8}},"loc":{"start":{"line":43,"column":33},"end":{"line":77,"column":null}}},"2":{"name":"(anonymous_11)","decl":{"start":{"line":84,"column":2},"end":{"line":84,"column":8}},"loc":{"start":{"line":84,"column":37},"end":{"line":141,"column":null}}},"3":{"name":"(anonymous_13)","decl":{"start":{"line":148,"column":2},"end":{"line":148,"column":8}},"loc":{"start":{"line":148,"column":40},"end":{"line":173,"column":null}}},"4":{"name":"(anonymous_15)","decl":{"start":{"line":180,"column":2},"end":{"line":180,"column":8}},"loc":{"start":{"line":180,"column":36},"end":{"line":194,"column":null}}}},"branchMap":{"0":{"loc":{"start":{"line":23,"column":19},"end":{"line":23,"column":61}},"type":"cond-expr","locations":[{"start":{"line":23,"column":40},"end":{"line":23,"column":54}},{"start":{"line":23,"column":57},"end":{"line":23,"column":61}}]},"1":{"loc":{"start":{"line":48,"column":25},"end":{"line":48,"column":67}},"type":"cond-expr","locations":[{"start":{"line":48,"column":46},"end":{"line":48,"column":60}},{"start":{"line":48,"column":63},"end":{"line":48,"column":67}}]},"2":{"loc":{"start":{"line":98,"column":4},"end":{"line":101,"column":5}},"type":"if","locations":[{"start":{"line":98,"column":4},"end":{"line":101,"column":5}}]},"3":{"loc":{"start":{"line":106,"column":6},"end":{"line":108,"column":7}},"type":"if","locations":[{"start":{"line":106,"column":6},"end":{"line":108,"column":7}}]}},"s":{"0":1,"1":1,"2":0,"3":0,"4":0,"5":0,"6":0,"7":0,"8":0,"9":0,"10":0,"11":0,"12":0,"13":0,"14":0,"15":0,"16":0,"17":0,"18":0,"19":0,"20":0,"21":0,"22":0,"23":0,"24":0,"25":0,"26":0,"27":0,"28":0,"29":0,"30":0,"31":0,"32":0,"33":0,"34":0,"35":0,"36":0,"37":0,"38":0,"39":0,"40":0,"41":0,"42":0,"43":0,"44":0,"45":0,"46":0,"47":0,"48":0,"49":0,"50":0,"51":0,"52":0,"53":0,"54":0,"55":0,"56":0,"57":0,"58":0,"59":0,"60":1,"61":1},"f":{"0":0,"1":0,"2":0,"3":0,"4":0},"b":{"0":[0,0],"1":[0,0],"2":[0],"3":[0]}}
,"C:\\Users\\matheus.cruz\\Documents\\WorkSpace\\Sistema Integrado de Ponto\\backend\\src\\router\\Get.routes.ts": {"path":"C:\\Users\\matheus.cruz\\Documents\\WorkSpace\\Sistema Integrado de Ponto\\backend\\src\\router\\Get.routes.ts","statementMap":{"0":{"start":{"line":1,"column":0},"end":{"line":1,"column":61}},"1":{"start":{"line":2,"column":0},"end":{"line":2,"column":48}},"2":{"start":{"line":3,"column":0},"end":{"line":3,"column":48}},"3":{"start":{"line":4,"column":0},"end":{"line":4,"column":77}},"4":{"start":{"line":5,"column":0},"end":{"line":5,"column":54}},"5":{"start":{"line":20,"column":4},"end":{"line":20,"column":35}},"6":{"start":{"line":21,"column":4},"end":{"line":21,"column":27}},"7":{"start":{"line":29,"column":4},"end":{"line":29,"column":64}},"8":{"start":{"line":30,"column":4},"end":{"line":36,"column":6}},"9":{"start":{"line":34,"column":8},"end":{"line":34,"column":37}},"10":{"start":{"line":37,"column":4},"end":{"line":37,"column":55}},"11":{"start":{"line":41,"column":4},"end":{"line":55,"column":5}},"12":{"start":{"line":42,"column":20},"end":{"line":42,"column":50}},"13":{"start":{"line":43,"column":6},"end":{"line":51,"column":7}},"14":{"start":{"line":44,"column":8},"end":{"line":44,"column":52}},"15":{"start":{"line":45,"column":8},"end":{"line":45,"column":15}},"16":{"start":{"line":47,"column":8},"end":{"line":47,"column":45}},"17":{"start":{"line":48,"column":8},"end":{"line":48,"column":46}},"18":{"start":{"line":49,"column":8},"end":{"line":49,"column":51}},"19":{"start":{"line":50,"column":8},"end":{"line":50,"column":62}},"20":{"start":{"line":53,"column":6},"end":{"line":53,"column":80}},"21":{"start":{"line":54,"column":6},"end":{"line":54,"column":34}},"22":{"start":{"line":63,"column":4},"end":{"line":74,"column":5}},"23":{"start":{"line":64,"column":18},"end":{"line":64,"column":32}},"24":{"start":{"line":65,"column":19},"end":{"line":65,"column":48}},"25":{"start":{"line":66,"column":6},"end":{"line":69,"column":7}},"26":{"start":{"line":67,"column":8},"end":{"line":67,"column":55}},"27":{"start":{"line":68,"column":8},"end":{"line":68,"column":15}},"28":{"start":{"line":70,"column":6},"end":{"line":70,"column":33}},"29":{"start":{"line":72,"column":6},"end":{"line":72,"column":80}},"30":{"start":{"line":73,"column":6},"end":{"line":73,"column":34}},"31":{"start":{"line":83,"column":4},"end":{"line":94,"column":5}},"32":{"start":{"line":84,"column":17},"end":{"line":84,"column":30}},"33":{"start":{"line":85,"column":19},"end":{"line":85,"column":46}},"34":{"start":{"line":86,"column":6},"end":{"line":89,"column":7}},"35":{"start":{"line":87,"column":8},"end":{"line":87,"column":55}},"36":{"start":{"line":88,"column":8},"end":{"line":88,"column":15}},"37":{"start":{"line":90,"column":6},"end":{"line":90,"column":33}},"38":{"start":{"line":92,"column":6},"end":{"line":92,"column":80}},"39":{"start":{"line":93,"column":6},"end":{"line":93,"column":34}},"40":{"start":{"line":104,"column":4},"end":{"line":104,"column":23}},"41":{"start":{"line":11,"column":0},"end":{"line":11,"column":13}}},"fnMap":{"0":{"name":"(anonymous_8)","decl":{"start":{"line":19,"column":2},"end":{"line":19,"column":null}},"loc":{"start":{"line":19,"column":2},"end":{"line":22,"column":3}}},"1":{"name":"(anonymous_9)","decl":{"start":{"line":27,"column":10},"end":{"line":27,"column":25}},"loc":{"start":{"line":27,"column":25},"end":{"line":38,"column":3}}},"2":{"name":"(anonymous_10)","decl":{"start":{"line":33,"column":6},"end":{"line":33,"column":7}},"loc":{"start":{"line":33,"column":38},"end":{"line":35,"column":7}}},"3":{"name":"(anonymous_11)","decl":{"start":{"line":40,"column":16},"end":{"line":40,"column":22}},"loc":{"start":{"line":40,"column":50},"end":{"line":56,"column":null}}},"4":{"name":"(anonymous_13)","decl":{"start":{"line":62,"column":16},"end":{"line":62,"column":28}},"loc":{"start":{"line":62,"column":56},"end":{"line":75,"column":null}}},"5":{"name":"(anonymous_15)","decl":{"start":{"line":82,"column":16},"end":{"line":82,"column":27}},"loc":{"start":{"line":82,"column":55},"end":{"line":95,"column":null}}},"6":{"name":"(anonymous_17)","decl":{"start":{"line":103,"column":9},"end":{"line":103,"column":18}},"loc":{"start":{"line":103,"column":18},"end":{"line":105,"column":3}}}},"branchMap":{"0":{"loc":{"start":{"line":43,"column":6},"end":{"line":51,"column":7}},"type":"if","locations":[{"start":{"line":43,"column":6},"end":{"line":51,"column":7}},{"start":{"line":46,"column":13},"end":{"line":51,"column":7}}]},"1":{"loc":{"start":{"line":66,"column":6},"end":{"line":69,"column":7}},"type":"if","locations":[{"start":{"line":66,"column":6},"end":{"line":69,"column":7}}]},"2":{"loc":{"start":{"line":86,"column":6},"end":{"line":89,"column":7}},"type":"if","locations":[{"start":{"line":86,"column":6},"end":{"line":89,"column":7}}]}},"s":{"0":1,"1":1,"2":1,"3":1,"4":1,"5":1,"6":1,"7":1,"8":1,"9":0,"10":1,"11":0,"12":0,"13":0,"14":0,"15":0,"16":0,"17":0,"18":0,"19":0,"20":0,"21":0,"22":0,"23":0,"24":0,"25":0,"26":0,"27":0,"28":0,"29":0,"30":0,"31":0,"32":0,"33":0,"34":0,"35":0,"36":0,"37":0,"38":0,"39":0,"40":2,"41":1},"f":{"0":1,"1":1,"2":0,"3":0,"4":0,"5":0,"6":2},"b":{"0":[0,0],"1":[0],"2":[0]}}
,"C:\\Users\\matheus.cruz\\Documents\\WorkSpace\\Sistema Integrado de Ponto\\backend\\src\\services\\AuthService.ts": {"path":"C:\\Users\\matheus.cruz\\Documents\\WorkSpace\\Sistema Integrado de Ponto\\backend\\src\\services\\AuthService.ts","statementMap":{"0":{"start":{"line":1,"column":0},"end":{"line":1,"column":48}},"1":{"start":{"line":2,"column":0},"end":{"line":2,"column":50}},"2":{"start":{"line":3,"column":0},"end":{"line":3,"column":28}},"3":{"start":{"line":4,"column":0},"end":{"line":4,"column":42}},"4":{"start":{"line":25,"column":4},"end":{"line":48,"column":5}},"5":{"start":{"line":26,"column":19},"end":{"line":26,"column":48}},"6":{"start":{"line":27,"column":6},"end":{"line":42,"column":7}},"7":{"start":{"line":28,"column":23},"end":{"line":28,"column":60}},"8":{"start":{"line":29,"column":31},"end":{"line":29,"column":41}},"9":{"start":{"line":30,"column":8},"end":{"line":30,"column":61}},"10":{"start":{"line":31,"column":8},"end":{"line":35,"column":10}},"11":{"start":{"line":37,"column":8},"end":{"line":41,"column":10}},"12":{"start":{"line":44,"column":6},"end":{"line":44,"column":18}},"13":{"start":{"line":46,"column":6},"end":{"line":46,"column":64}},"14":{"start":{"line":47,"column":6},"end":{"line":47,"column":18}},"15":{"start":{"line":56,"column":4},"end":{"line":61,"column":5}},"16":{"start":{"line":57,"column":6},"end":{"line":57,"column":42}},"17":{"start":{"line":59,"column":6},"end":{"line":59,"column":65}},"18":{"start":{"line":60,"column":6},"end":{"line":60,"column":18}},"19":{"start":{"line":10,"column":0},"end":{"line":10,"column":13}}},"fnMap":{"0":{"name":"(anonymous_8)","decl":{"start":{"line":17,"column":9},"end":{"line":17,"column":15}},"loc":{"start":{"line":19,"column":20},"end":{"line":49,"column":null}}},"1":{"name":"(anonymous_10)","decl":{"start":{"line":55,"column":9},"end":{"line":55,"column":15}},"loc":{"start":{"line":55,"column":42},"end":{"line":62,"column":null}}}},"branchMap":{"0":{"loc":{"start":{"line":27,"column":6},"end":{"line":42,"column":7}},"type":"if","locations":[{"start":{"line":27,"column":6},"end":{"line":42,"column":7}}]},"1":{"loc":{"start":{"line":27,"column":10},"end":{"line":27,"column":65}},"type":"binary-expr","locations":[{"start":{"line":27,"column":10},"end":{"line":27,"column":14}},{"start":{"line":27,"column":19},"end":{"line":27,"column":64}}]}},"s":{"0":1,"1":1,"2":1,"3":1,"4":0,"5":0,"6":0,"7":0,"8":0,"9":0,"10":0,"11":0,"12":0,"13":0,"14":0,"15":0,"16":0,"17":0,"18":0,"19":1},"f":{"0":0,"1":0},"b":{"0":[0],"1":[0,0]}}
,"C:\\Users\\matheus.cruz\\Documents\\WorkSpace\\Sistema Integrado de Ponto\\backend\\src\\services\\JwtService.ts": {"path":"C:\\Users\\matheus.cruz\\Documents\\WorkSpace\\Sistema Integrado de Ponto\\backend\\src\\services\\JwtService.ts","statementMap":{"0":{"start":{"line":1,"column":0},"end":{"line":1,"column":71}},"1":{"start":{"line":3,"column":0},"end":{"line":3,"column":48}},"2":{"start":{"line":22,"column":20},"end":{"line":22,"column":60}},"3":{"start":{"line":23,"column":4},"end":{"line":23,"column":23}},"4":{"start":{"line":24,"column":33},"end":{"line":27,"column":6}},"5":{"start":{"line":28,"column":4},"end":{"line":28,"column":71}},"6":{"start":{"line":29,"column":4},"end":{"line":29,"column":52}},"7":{"start":{"line":38,"column":20},"end":{"line":42,"column":6}},"8":{"start":{"line":43,"column":33},"end":{"line":47,"column":6}},"9":{"start":{"line":48,"column":4},"end":{"line":48,"column":76}},"10":{"start":{"line":49,"column":4},"end":{"line":49,"column":54}},"11":{"start":{"line":58,"column":4},"end":{"line":58,"column":34}},"12":{"start":{"line":71,"column":35},"end":{"line":73,"column":6}},"13":{"start":{"line":75,"column":4},"end":{"line":84,"column":5}},"14":{"start":{"line":76,"column":6},"end":{"line":80,"column":7}},"15":{"start":{"line":77,"column":8},"end":{"line":77,"column":20}},"16":{"start":{"line":79,"column":8},"end":{"line":79,"column":21}},"17":{"start":{"line":82,"column":6},"end":{"line":82,"column":79}},"18":{"start":{"line":83,"column":6},"end":{"line":83,"column":19}},"19":{"start":{"line":92,"column":4},"end":{"line":92,"column":51}},"20":{"start":{"line":105,"column":4},"end":{"line":105,"column":49}},"21":{"start":{"line":116,"column":25},"end":{"line":116,"column":62}},"22":{"start":{"line":117,"column":24},"end":{"line":117,"column":68}},"23":{"start":{"line":118,"column":4},"end":{"line":118,"column":41}},"24":{"start":{"line":9,"column":0},"end":{"line":9,"column":13}},"25":{"start":{"line":10,"column":26},"end":{"line":11,"column":51}},"26":{"start":{"line":12,"column":26},"end":{"line":12,"column":54}}},"fnMap":{"0":{"name":"(anonymous_8)","decl":{"start":{"line":19,"column":9},"end":{"line":19,"column":15}},"loc":{"start":{"line":20,"column":24},"end":{"line":30,"column":null}}},"1":{"name":"(anonymous_10)","decl":{"start":{"line":37,"column":9},"end":{"line":37,"column":15}},"loc":{"start":{"line":37,"column":57},"end":{"line":50,"column":null}}},"2":{"name":"(anonymous_12)","decl":{"start":{"line":57,"column":10},"end":{"line":57,"column":16}},"loc":{"start":{"line":57,"column":45},"end":{"line":59,"column":3}}},"3":{"name":"(anonymous_13)","decl":{"start":{"line":67,"column":10},"end":{"line":67,"column":16}},"loc":{"start":{"line":69,"column":29},"end":{"line":85,"column":null}}},"4":{"name":"(anonymous_15)","decl":{"start":{"line":91,"column":9},"end":{"line":91,"column":15}},"loc":{"start":{"line":91,"column":54},"end":{"line":93,"column":null}}},"5":{"name":"(anonymous_17)","decl":{"start":{"line":101,"column":9},"end":{"line":101,"column":15}},"loc":{"start":{"line":103,"column":24},"end":{"line":106,"column":null}}},"6":{"name":"(anonymous_19)","decl":{"start":{"line":113,"column":9},"end":{"line":113,"column":15}},"loc":{"start":{"line":114,"column":18},"end":{"line":119,"column":null}}}},"branchMap":{"0":{"loc":{"start":{"line":76,"column":6},"end":{"line":80,"column":7}},"type":"if","locations":[{"start":{"line":76,"column":6},"end":{"line":80,"column":7}},{"start":{"line":78,"column":13},"end":{"line":80,"column":7}}]},"1":{"loc":{"start":{"line":11,"column":4},"end":{"line":11,"column":50}},"type":"binary-expr","locations":[{"start":{"line":11,"column":4},"end":{"line":11,"column":38}},{"start":{"line":11,"column":42},"end":{"line":11,"column":50}}]}},"s":{"0":1,"1":1,"2":0,"3":0,"4":0,"5":0,"6":0,"7":0,"8":0,"9":0,"10":0,"11":0,"12":0,"13":0,"14":0,"15":0,"16":0,"17":0,"18":0,"19":0,"20":0,"21":0,"22":0,"23":0,"24":1,"25":1,"26":1},"f":{"0":0,"1":0,"2":0,"3":0,"4":0,"5":0,"6":0},"b":{"0":[0,0],"1":[1,0]}}
}
