TN:
SF:src\config\AppLogger.ts
FN:8,(anonymous_7)
FN:42,(anonymous_8)
FN:48,(anonymous_9)
FN:59,(anonymous_10)
FNF:4
FNH:2
FNDA:1,(anonymous_7)
FNDA:0,(anonymous_8)
FNDA:1,(anonymous_9)
FNDA:0,(anonymous_10)
DA:1,1
DA:2,1
DA:7,1
DA:8,1
DA:9,1
DA:21,1
DA:29,1
DA:30,1
DA:49,1
DA:60,0
DA:65,0
DA:66,0
DA:67,0
DA:68,0
DA:70,0
LF:15
LH:9
BRDA:59,0,0,0
BRDA:65,1,0,0
BRF:2
BRH:0
end_of_record
TN:
SF:src\config\Database.ts
FN:25,(anonymous_8)
FN:48,(anonymous_9)
FN:81,(anonymous_11)
FN:81,(anonymous_12)
FNF:4
FNH:2
FNDA:1,(anonymous_8)
FNDA:1,(anonymous_9)
FNDA:0,(anonymous_11)
FNDA:0,(anonymous_12)
DA:1,1
DA:2,1
DA:3,1
DA:4,1
DA:6,1
DA:12,1
DA:14,1
DA:15,1
DA:16,1
DA:17,1
DA:18,1
DA:26,1
DA:27,1
DA:34,1
DA:35,1
DA:37,0
DA:38,0
DA:49,1
DA:50,1
DA:51,1
DA:52,0
DA:56,0
DA:57,0
DA:61,0
DA:63,0
DA:64,0
DA:65,0
DA:66,0
DA:69,0
DA:70,0
DA:81,0
DA:82,0
DA:83,0
DA:84,0
DA:85,0
DA:89,0
DA:91,0
DA:92,0
DA:93,0
DA:94,0
DA:95,0
DA:96,0
DA:97,0
DA:98,0
DA:100,0
DA:107,1
LF:46
LH:19
BRDA:64,0,0,0
BRDA:81,1,0,0
BRDA:91,2,0,0
BRDA:91,2,1,0
BRDA:91,3,0,0
BRDA:91,3,1,0
BRDA:93,4,0,0
BRDA:93,4,1,0
BRDA:93,5,0,0
BRDA:93,5,1,0
BRDA:95,6,0,0
BRDA:95,6,1,0
BRDA:95,7,0,0
BRDA:95,7,1,0
BRDA:97,8,0,0
BRDA:97,8,1,0
BRDA:97,9,0,0
BRDA:97,9,1,0
BRDA:18,10,0,1
BRDA:18,10,1,0
BRF:20
BRH:1
end_of_record
TN:
SF:src\config\ErrorHandler.ts
FN:4,(anonymous_0)
FNF:1
FNH:0
FNDA:0,(anonymous_0)
DA:1,1
DA:5,0
DA:6,0
LF:3
LH:1
BRF:0
BRH:0
end_of_record
TN:
SF:src\middlewares\tokenMiddleware.ts
FN:11,(anonymous_7)
FN:15,(anonymous_8)
FNF:2
FNH:0
FNDA:0,(anonymous_7)
FNDA:0,(anonymous_8)
DA:2,1
DA:3,1
DA:11,1
DA:15,0
DA:16,0
DA:17,0
DA:18,0
DA:20,0
DA:21,0
DA:24,0
DA:29,0
DA:30,0
DA:32,0
DA:36,0
DA:37,0
DA:40,0
DA:41,0
DA:43,0
DA:47,0
DA:50,0
LF:20
LH:3
BRDA:20,0,0,0
BRDA:20,1,0,0
BRDA:20,1,1,0
BRDA:29,2,0,0
BRDA:29,2,1,0
BRDA:36,3,0,0
BRDA:36,3,1,0
BRF:7
BRH:0
end_of_record
TN:
SF:src\models\TokenModel.ts
FN:16,(anonymous_7)
FN:43,(anonymous_9)
FNF:2
FNH:0
FNDA:0,(anonymous_7)
FNDA:0,(anonymous_9)
DA:1,1
DA:2,1
DA:7,1
DA:8,1
DA:21,0
DA:22,0
DA:23,0
DA:24,0
DA:25,0
DA:29,0
DA:30,0
DA:34,0
DA:44,0
DA:45,0
DA:46,0
DA:47,0
DA:48,0
DA:51,0
DA:53,0
DA:54,0
DA:58,0
LF:21
LH:4
BRF:0
BRH:0
end_of_record
TN:
SF:src\models\UserModel.ts
FN:18,(anonymous_7)
FN:43,(anonymous_9)
FN:84,(anonymous_11)
FN:148,(anonymous_13)
FN:180,(anonymous_15)
FNF:5
FNH:0
FNDA:0,(anonymous_7)
FNDA:0,(anonymous_9)
FNDA:0,(anonymous_11)
FNDA:0,(anonymous_13)
FNDA:0,(anonymous_15)
DA:1,1
DA:2,1
DA:10,1
DA:11,1
DA:19,0
DA:20,0
DA:21,0
DA:22,0
DA:23,0
DA:24,0
DA:27,0
DA:29,0
DA:30,0
DA:34,0
DA:44,0
DA:45,0
DA:46,0
DA:47,0
DA:48,0
DA:49,0
DA:65,0
DA:68,0
DA:70,0
DA:71,0
DA:75,0
DA:85,0
DA:86,0
DA:98,0
DA:99,0
DA:100,0
DA:103,0
DA:104,0
DA:105,0
DA:106,0
DA:107,0
DA:110,0
DA:111,0
DA:112,0
DA:113,0
DA:129,0
DA:132,0
DA:134,0
DA:135,0
DA:139,0
DA:149,0
DA:150,0
DA:159,0
DA:160,0
DA:161,0
DA:164,0
DA:166,0
DA:167,0
DA:171,0
DA:181,0
DA:182,0
DA:183,0
DA:184,0
DA:185,0
DA:187,0
DA:188,0
DA:192,0
LF:61
LH:4
BRDA:23,0,0,0
BRDA:23,0,1,0
BRDA:48,1,0,0
BRDA:48,1,1,0
BRDA:98,2,0,0
BRDA:106,3,0,0
BRF:6
BRH:0
end_of_record
TN:
SF:src\router\Get.routes.ts
FN:19,(anonymous_8)
FN:27,(anonymous_9)
FN:33,(anonymous_10)
FN:40,(anonymous_11)
FN:62,(anonymous_13)
FN:82,(anonymous_15)
FN:103,(anonymous_17)
FNF:7
FNH:3
FNDA:1,(anonymous_8)
FNDA:1,(anonymous_9)
FNDA:0,(anonymous_10)
FNDA:0,(anonymous_11)
FNDA:0,(anonymous_13)
FNDA:0,(anonymous_15)
FNDA:2,(anonymous_17)
DA:1,1
DA:2,1
DA:3,1
DA:4,1
DA:5,1
DA:11,1
DA:20,1
DA:21,1
DA:29,1
DA:30,1
DA:34,0
DA:37,1
DA:41,0
DA:42,0
DA:43,0
DA:44,0
DA:45,0
DA:47,0
DA:48,0
DA:49,0
DA:50,0
DA:53,0
DA:54,0
DA:63,0
DA:64,0
DA:65,0
DA:66,0
DA:67,0
DA:68,0
DA:70,0
DA:72,0
DA:73,0
DA:83,0
DA:84,0
DA:85,0
DA:86,0
DA:87,0
DA:88,0
DA:90,0
DA:92,0
DA:93,0
DA:104,2
LF:42
LH:12
BRDA:43,0,0,0
BRDA:43,0,1,0
BRDA:66,1,0,0
BRDA:86,2,0,0
BRF:4
BRH:0
end_of_record
TN:
SF:src\services\AuthService.ts
FN:17,(anonymous_8)
FN:55,(anonymous_10)
FNF:2
FNH:0
FNDA:0,(anonymous_8)
FNDA:0,(anonymous_10)
DA:1,1
DA:2,1
DA:3,1
DA:4,1
DA:10,1
DA:25,0
DA:26,0
DA:27,0
DA:28,0
DA:29,0
DA:30,0
DA:31,0
DA:37,0
DA:44,0
DA:46,0
DA:47,0
DA:56,0
DA:57,0
DA:59,0
DA:60,0
LF:20
LH:5
BRDA:27,0,0,0
BRDA:27,1,0,0
BRDA:27,1,1,0
BRF:3
BRH:0
end_of_record
TN:
SF:src\services\JwtService.ts
FN:19,(anonymous_8)
FN:37,(anonymous_10)
FN:57,(anonymous_12)
FN:67,(anonymous_13)
FN:91,(anonymous_15)
FN:101,(anonymous_17)
FN:113,(anonymous_19)
FNF:7
FNH:0
FNDA:0,(anonymous_8)
FNDA:0,(anonymous_10)
FNDA:0,(anonymous_12)
FNDA:0,(anonymous_13)
FNDA:0,(anonymous_15)
FNDA:0,(anonymous_17)
FNDA:0,(anonymous_19)
DA:1,1
DA:3,1
DA:9,1
DA:10,1
DA:12,1
DA:22,0
DA:23,0
DA:24,0
DA:28,0
DA:29,0
DA:38,0
DA:43,0
DA:48,0
DA:49,0
DA:58,0
DA:71,0
DA:75,0
DA:76,0
DA:77,0
DA:79,0
DA:82,0
DA:83,0
DA:92,0
DA:105,0
DA:116,0
DA:117,0
DA:118,0
LF:27
LH:5
BRDA:76,0,0,0
BRDA:76,0,1,0
BRDA:11,1,0,1
BRDA:11,1,1,0
BRF:4
BRH:1
end_of_record
